<?xml version="1.0" encoding="UTF-8" ?>
<testsuite errors="0" failures="1" hostname="DESKTOP-3CTLK8B" name="HelloWorldTest" skipped="0" tests="2" time="0.451" timestamp="2022-07-18T01:48:57">
  <properties>
    <property name="java.vendor" value="Oracle Corporation" />
    <property name="lib.dir" value="lib" />
    <property name="sun.java.launcher" value="SUN_STANDARD" />
    <property name="sun.management.compiler" value="HotSpot 64-Bit Tiered Compilers" />
    <property name="os.name" value="Windows 10" />
    <property name="sun.boot.class.path" value="C:\Program Files\Java\jdk1.8.0_331\jre\lib\resources.jar;C:\Program Files\Java\jdk1.8.0_331\jre\lib\rt.jar;C:\Program Files\Java\jdk1.8.0_331\jre\lib\sunrsasign.jar;C:\Program Files\Java\jdk1.8.0_331\jre\lib\jsse.jar;C:\Program Files\Java\jdk1.8.0_331\jre\lib\jce.jar;C:\Program Files\Java\jdk1.8.0_331\jre\lib\charsets.jar;C:\Program Files\Java\jdk1.8.0_331\jre\lib\jfr.jar;C:\Program Files\Java\jdk1.8.0_331\jre\classes" />
    <property name="sun.desktop" value="windows" />
    <property name="java.vm.specification.vendor" value="Oracle Corporation" />
    <property name="ant.home" value="C:\ant10" />
    <property name="jar.dir" value="build/jar" />
    <property name="java.runtime.version" value="1.8.0_331-b09" />
    <property name="user.name" value="Shreyas" />
    <property name="ant.file.type.HelloWorld" value="file" />
    <property name="build.dir" value="build" />
    <property name="user.language" value="en" />
    <property name="ant.file.HelloWorld" value="C:\Users\Shreyas\Desktop\DevOps\Java Programs\build.xml" />
    <property name="sun.boot.library.path" value="C:\Program Files\Java\jdk1.8.0_331\jre\bin" />
    <property name="ant.project.default-target" value="main" />
    <property name="ant.project.name" value="HelloWorld" />
    <property name="java.version" value="1.8.0_331" />
    <property name="user.timezone" value="" />
    <property name="sun.arch.data.model" value="64" />
    <property name="java.endorsed.dirs" value="C:\Program Files\Java\jdk1.8.0_331\jre\lib\endorsed" />
    <property name="sun.cpu.isalist" value="amd64" />
    <property name="sun.jnu.encoding" value="Cp1252" />
    <property name="file.encoding.pkg" value="sun.io" />
    <property name="file.separator" value="\" />
    <property name="java.specification.name" value="Java Platform API Specification" />
    <property name="classes.dir" value="build/classes" />
    <property name="java.class.version" value="52.0" />
    <property name="user.country" value="US" />
    <property name="java.home" value="C:\Program Files\Java\jdk1.8.0_331\jre" />
    <property name="java.vm.info" value="mixed mode" />
    <property name="main-class" value="HelloWorld" />
    <property name="ant.file" value="C:\Users\Shreyas\Desktop\DevOps\Java Programs\build.xml" />
    <property name="os.version" value="10.0" />
    <property name="path.separator" value=";" />
    <property name="java.vm.version" value="25.331-b09" />
    <property name="report.dir" value="build/junitreport" />
    <property name="user.variant" value="" />
    <property name="ant.library.dir" value="C:\ant10\lib" />
    <property name="java.awt.printerjob" value="sun.awt.windows.WPrinterJob" />
    <property name="sun.io.unicode.encoding" value="UnicodeLittle" />
    <property name="awt.toolkit" value="sun.awt.windows.WToolkit" />
    <property name="sun.stdout.encoding" value="cp437" />
    <property name="user.script" value="" />
    <property name="user.home" value="C:\Users\Shreyas" />
    <property name="java.specification.vendor" value="Oracle Corporation" />
    <property name="java.library.path" value="C:\Program Files\Java\jdk1.8.0_331\jre\bin;C:\WINDOWS\Sun\Java\bin;C:\WINDOWS\system32;C:\WINDOWS;C:\Program Files (x86)\Common Files\Oracle\Java\javapath;C:\Users\Shreyas\Documents\python\Scripts\;C:\Users\Shreyas\Documents\python\;C:\Users\Shreyas\Downloads\Scripts\;C:\Users\Shreyas\Downloads\;C:\WINDOWS\system32;C:\WINDOWS;C:\WINDOWS\System32\Wbem;C:\WINDOWS\System32\WindowsPowerShell\v1.0\;C:\WINDOWS\System32\OpenSSH\;C:\Android;C:\Windows\System32;C:\Program Files\nodejs\;C:\Program Files\Git\cmd;C:\Users\Shreyas\AppData\Local\Android\Sdk\platform-tools;C:\Program Files\Java\jdk1.8.0_331\bin;C:\ant10\bin;C:\Users\Shreyas\AppData\Local\Microsoft\WindowsApps;C:\Users\Shreyas\AppData\Local\atom\bin;C:\Users\Shreyas\AppData\Local\Programs\Microsoft VS Code\bin;C:\Users\Shreyas\AppData\Roaming\npm;." />
    <property name="java.vendor.url" value="http://java.oracle.com/" />
    <property name="java.vm.vendor" value="Oracle Corporation" />
    <property name="java.runtime.name" value="Java(TM) SE Runtime Environment" />
    <property name="sun.java.command" value="org.apache.tools.ant.taskdefs.optional.junit.JUnitTestRunner HelloWorldTest skipNonTests=false filtertrace=true haltOnError=false haltOnFailure=false formatter=org.apache.tools.ant.taskdefs.optional.junit.SummaryJUnitResultFormatter showoutput=false outputtoformatters=true logfailedtests=true threadid=0 logtestlistenerevents=false formatter=org.apache.tools.ant.taskdefs.optional.junit.XMLJUnitResultFormatter,C:\Users\Shreyas\Desktop\DevOps\Java Programs\build\junitreport\TEST-HelloWorldTest.xml crashfile=C:\Users\Shreyas\Desktop\DevOps\Java Programs\junitvmwatcher6258474940586946971.properties propsfile=C:\Users\Shreyas\Desktop\DevOps\Java Programs\junit2249802845028676634.properties" />
    <property name="java.class.path" value="C:\Users\Shreyas\Desktop\DevOps\Java Programs\lib\hamcrest-all-1.3.jar;C:\Users\Shreyas\Desktop\DevOps\Java Programs\lib\hamcrest-core-1.3.jar;C:\Users\Shreyas\Desktop\DevOps\Java Programs\lib\junit-4.12.jar;C:\Users\Shreyas\Desktop\DevOps\Java Programs\build\jar\HelloWorld.jar;C:\ant10\lib\ant-launcher.jar;C:\ant10\lib\ant.jar;C:\ant10\lib\ant-junit.jar;C:\ant10\lib\ant-junit4.jar" />
    <property name="ant.version" value="Apache Ant(TM) version 1.10.12 compiled on October 13 2021" />
    <property name="java.vm.specification.name" value="Java Virtual Machine Specification" />
    <property name="ant.file.type" value="file" />
    <property name="java.vm.specification.version" value="1.8" />
    <property name="sun.cpu.endian" value="little" />
    <property name="sun.os.patch.level" value="" />
    <property name="java.io.tmpdir" value="C:\Users\Shreyas\AppData\Local\Temp\" />
    <property name="java.vendor.url.bug" value="http://bugreport.sun.com/bugreport/" />
    <property name="os.arch" value="amd64" />
    <property name="java.awt.graphicsenv" value="sun.awt.Win32GraphicsEnvironment" />
    <property name="java.ext.dirs" value="C:\Program Files\Java\jdk1.8.0_331\jre\lib\ext;C:\WINDOWS\Sun\Java\lib\ext" />
    <property name="user.dir" value="C:\Users\Shreyas\Desktop\DevOps\Java Programs" />
    <property name="line.separator" value="&#xd;&#xa;" />
    <property name="java.vm.name" value="Java HotSpot(TM) 64-Bit Server VM" />
    <property name="basedir" value="C:\Users\Shreyas\Desktop\DevOps\Java Programs" />
    <property name="ant.java.version" value="1.8" />
    <property name="ant.core.lib" value="C:\ant10\lib\ant.jar" />
    <property name="file.encoding" value="Cp1252" />
    <property name="sun.stderr.encoding" value="cp437" />
    <property name="java.specification.version" value="1.8" />
    <property name="src.dir" value="src" />
    <property name="ant.project.invoked-targets" value="run" />
  </properties>
  <testcase classname="HelloWorldTest" name="testWillAlwaysFail" time="0.032">
    <failure message="An error message" type="junit.framework.AssertionFailedError">junit.framework.AssertionFailedError: An error message
	at HelloWorldTest.testWillAlwaysFail(Unknown Source)
</failure>
  </testcase>
  <testcase classname="HelloWorldTest" name="testNothing" time="0.0" />
  <system-out><![CDATA[]]></system-out>
  <system-err><![CDATA[]]></system-err>
</testsuite>
